# JRE version: Java(TM) SE Runtime Environment (8.0_131-b11) (build 1.8.0_131-b11)
# Java VM: Java HotSpot(TM) 64-Bit Server VM (25.131-b11 mixed mode windows-amd64 compressed oops)
Heap:
 PSYoungGen      total 103424K, used 92672K [0x000000076ae00000, 0x0000000771e80000, 0x00000007c0000000)
  eden space 92672K, 100% used [0x000000076ae00000,0x0000000770880000,0x0000000770880000)
  from space 10752K, 0% used [0x0000000771300000,0x0000000771300000,0x0000000771d80000)
  to   space 10752K, 0% used [0x0000000770880000,0x0000000770880000,0x0000000771300000)
 ParOldGen       total 118272K, used 19913K [0x00000006c0a00000, 0x00000006c7d80000, 0x000000076ae00000)
  object space 118272K, 16% used [0x00000006c0a00000,0x00000006c1d724b0,0x00000006c7d80000)
 Metaspace       used 44434K, capacity 45144K, committed 45440K, reserved 1089536K
  class space    used 5739K, capacity 5930K, committed 6016K, reserved 1048576K
GC Heap History (10 events):
Event: 1.261 GC heap before
{Heap before GC invocations=2 (full 0):
 PSYoungGen      total 76288K, used 29764K [0x000000076ae00000, 0x0000000770300000, 0x00000007c0000000)
  eden space 65536K, 29% used [0x000000076ae00000,0x000000076c093bd8,0x000000076ee00000)
  from space 10752K, 99% used [0x000000076ee00000,0x000000076f87d588,0x000000076f880000)
  to   space 10752K, 0% used [0x000000076f880000,0x000000076f880000,0x0000000770300000)
 ParOldGen       total 175104K, used 4988K [0x00000006c0a00000, 0x00000006cb500000, 0x000000076ae00000)
  object space 175104K, 2% used [0x00000006c0a00000,0x00000006c0edf250,0x00000006cb500000)
 Metaspace       used 20784K, capacity 21170K, committed 21296K, reserved 1069056K
  class space    used 2504K, capacity 2653K, committed 2688K, reserved 1048576K
Event: 1.268 GC heap after
Heap after GC invocations=2 (full 0):
 PSYoungGen      total 76288K, used 9779K [0x000000076ae00000, 0x0000000770300000, 0x00000007c0000000)
  eden space 65536K, 0% used [0x000000076ae00000,0x000000076ae00000,0x000000076ee00000)
  from space 10752K, 90% used [0x000000076f880000,0x000000077020cef0,0x0000000770300000)
  to   space 10752K, 0% used [0x000000076ee00000,0x000000076ee00000,0x000000076f880000)
 ParOldGen       total 175104K, used 5060K [0x00000006c0a00000, 0x00000006cb500000, 0x000000076ae00000)
  object space 175104K, 2% used [0x00000006c0a00000,0x00000006c0ef1260,0x00000006cb500000)
 Metaspace       used 20784K, capacity 21170K, committed 21296K, reserved 1069056K
  class space    used 2504K, capacity 2653K, committed 2688K, reserved 1048576K
}
Event: 1.268 GC heap before
{Heap before GC invocations=3 (full 1):
 PSYoungGen      total 76288K, used 9779K [0x000000076ae00000, 0x0000000770300000, 0x00000007c0000000)
  eden space 65536K, 0% used [0x000000076ae00000,0x000000076ae00000,0x000000076ee00000)
  from space 10752K, 90% used [0x000000076f880000,0x000000077020cef0,0x0000000770300000)
  to   space 10752K, 0% used [0x000000076ee00000,0x000000076ee00000,0x000000076f880000)
 ParOldGen       total 175104K, used 5060K [0x00000006c0a00000, 0x00000006cb500000, 0x000000076ae00000)
  object space 175104K, 2% used [0x00000006c0a00000,0x00000006c0ef1260,0x00000006cb500000)
 Metaspace       used 20784K, capacity 21170K, committed 21296K, reserved 1069056K
  class space    used 2504K, capacity 2653K, committed 2688K, reserved 1048576K
Event: 1.297 GC heap after
Heap after GC invocations=3 (full 1):
 PSYoungGen      total 76288K, used 0K [0x000000076ae00000, 0x0000000770300000, 0x00000007c0000000)
  eden space 65536K, 0% used [0x000000076ae00000,0x000000076ae00000,0x000000076ee00000)
  from space 10752K, 0% used [0x000000076f880000,0x000000076f880000,0x0000000770300000)
  to   space 10752K, 0% used [0x000000076ee00000,0x000000076ee00000,0x000000076f880000)
 ParOldGen       total 118272K, used 9449K [0x00000006c0a00000, 0x00000006c7d80000, 0x000000076ae00000)
  object space 118272K, 7% used [0x00000006c0a00000,0x00000006c133a708,0x00000006c7d80000)
 Metaspace       used 20784K, capacity 21170K, committed 21296K, reserved 1069056K
  class space    used 2504K, capacity 2653K, committed 2688K, reserved 1048576K
}
Event: 2.180 GC heap before
{Heap before GC invocations=4 (full 1):
 PSYoungGen      total 76288K, used 65536K [0x000000076ae00000, 0x0000000770300000, 0x00000007c0000000)
  eden space 65536K, 100% used [0x000000076ae00000,0x000000076ee00000,0x000000076ee00000)
  from space 10752K, 0% used [0x000000076f880000,0x000000076f880000,0x0000000770300000)
  to   space 10752K, 0% used [0x000000076ee00000,0x000000076ee00000,0x000000076f880000)
 ParOldGen       total 118272K, used 9449K [0x00000006c0a00000, 0x00000006c7d80000, 0x000000076ae00000)
  object space 118272K, 7% used [0x00000006c0a00000,0x00000006c133a708,0x00000006c7d80000)
 Metaspace       used 29337K, capacity 29898K, committed 30208K, reserved 1075200K
  class space    used 3653K, capacity 3798K, committed 3840K, reserved 1048576K
Event: 2.191 GC heap after
Heap after GC invocations=4 (full 1):
 PSYoungGen      total 76288K, used 10741K [0x000000076ae00000, 0x0000000771d80000, 0x00000007c0000000)
  eden space 65536K, 0% used [0x000000076ae00000,0x000000076ae00000,0x000000076ee00000)
  from space 10752K, 99% used [0x000000076ee00000,0x000000076f87d690,0x000000076f880000)
  to   space 10752K, 0% used [0x0000000771300000,0x0000000771300000,0x0000000771d80000)
 ParOldGen       total 118272K, used 14442K [0x00000006c0a00000, 0x00000006c7d80000, 0x000000076ae00000)
  object space 118272K, 12% used [0x00000006c0a00000,0x00000006c181a998,0x00000006c7d80000)
 Metaspace       used 29337K, capacity 29898K, committed 30208K, reserved 1075200K
  class space    used 3653K, capacity 3798K, committed 3840K, reserved 1048576K
}
Event: 2.630 GC heap before
{Heap before GC invocations=5 (full 1):
 PSYoungGen      total 76288K, used 37233K [0x000000076ae00000, 0x0000000771d80000, 0x00000007c0000000)
  eden space 65536K, 40% used [0x000000076ae00000,0x000000076c7defc8,0x000000076ee00000)
  from space 10752K, 99% used [0x000000076ee00000,0x000000076f87d690,0x000000076f880000)
  to   space 10752K, 0% used [0x0000000771300000,0x0000000771300000,0x0000000771d80000)
 ParOldGen       total 118272K, used 14442K [0x00000006c0a00000, 0x00000006c7d80000, 0x000000076ae00000)
  object space 118272K, 12% used [0x00000006c0a00000,0x00000006c181a998,0x00000006c7d80000)
 Metaspace       used 34685K, capacity 35246K, committed 35456K, reserved 1079296K
  class space    used 4523K, capacity 4677K, committed 4736K, reserved 1048576K
Event: 2.638 GC heap after
Heap after GC invocations=5 (full 1):
 PSYoungGen      total 103424K, used 10750K [0x000000076ae00000, 0x0000000771e80000, 0x00000007c0000000)
  eden space 92672K, 0% used [0x000000076ae00000,0x000000076ae00000,0x0000000770880000)
  from space 10752K, 99% used [0x0000000771300000,0x0000000771d7f910,0x0000000771d80000)
  to   space 10752K, 0% used [0x0000000770880000,0x0000000770880000,0x0000000771300000)
 ParOldGen       total 118272K, used 17959K [0x00000006c0a00000, 0x00000006c7d80000, 0x000000076ae00000)
  object space 118272K, 15% used [0x00000006c0a00000,0x00000006c1b89f10,0x00000006c7d80000)
 Metaspace       used 34685K, capacity 35246K, committed 35456K, reserved 1079296K
  class space    used 4523K, capacity 4677K, committed 4736K, reserved 1048576K
}
Event: 2.638 GC heap before
{Heap before GC invocations=6 (full 2):
 PSYoungGen      total 103424K, used 10750K [0x000000076ae00000, 0x0000000771e80000, 0x00000007c0000000)
  eden space 92672K, 0% used [0x000000076ae00000,0x000000076ae00000,0x0000000770880000)
  from space 10752K, 99% used [0x0000000771300000,0x0000000771d7f910,0x0000000771d80000)
  to   space 10752K, 0% used [0x0000000770880000,0x0000000770880000,0x0000000771300000)
 ParOldGen       total 118272K, used 17959K [0x00000006c0a00000, 0x00000006c7d80000, 0x000000076ae00000)
  object space 118272K, 15% used [0x00000006c0a00000,0x00000006c1b89f10,0x00000006c7d80000)
 Metaspace       used 34685K, capacity 35246K, committed 35456K, reserved 1079296K
  class space    used 4523K, capacity 4677K, committed 4736K, reserved 1048576K
Event: 2.679 GC heap after
Heap after GC invocations=6 (full 2):
 PSYoungGen      total 103424K, used 0K [0x000000076ae00000, 0x0000000771e80000, 0x00000007c0000000)
  eden space 92672K, 0% used [0x000000076ae00000,0x000000076ae00000,0x0000000770880000)
  from space 10752K, 0% used [0x0000000771300000,0x0000000771300000,0x0000000771d80000)
  to   space 10752K, 0% used [0x0000000770880000,0x0000000770880000,0x0000000771300000)
 ParOldGen       total 118272K, used 19913K [0x00000006c0a00000, 0x00000006c7d80000, 0x000000076ae00000)
  object space 118272K, 16% used [0x00000006c0a00000,0x00000006c1d724b0,0x00000006c7d80000)
 Metaspace       used 34685K, capacity 35246K, committed 35456K, reserved 1079296K
  class space    used 4523K, capacity 4677K, committed 4736K, reserved 1048576K
}

