# JRE version: Java(TM) SE Runtime Environment (8.0_131-b11) (build 1.8.0_131-b11)
# Java VM: Java HotSpot(TM) 64-Bit Server VM (25.131-b11 mixed mode windows-amd64 compressed oops)
Heap:
 PSYoungGen      total 364544K, used 329876K [0x00000000d5580000, 0x00000000f0580000, 0x0000000100000000)
  eden space 293376K, 97% used [0x00000000d5580000,0x00000000e6c2a7f0,0x00000000e7400000)
  from space 71168K, 62% used [0x00000000ebb80000,0x00000000ee6faa88,0x00000000f0100000)
  to   space 73216K, 0% used [0x00000000e7400000,0x00000000e7400000,0x00000000ebb80000)
 ParOldGen       total 186880K, used 129084K [0x0000000080000000, 0x000000008b680000, 0x00000000d5580000)
  object space 186880K, 69% used [0x0000000080000000,0x0000000087e0f0c8,0x000000008b680000)
 Metaspace       used 115160K, capacity 122504K, committed 122624K, reserved 1155072K
  class space    used 15564K, capacity 16866K, committed 16896K, reserved 1048576K
GC Heap History (10 events):
Event: 6038.120 GC heap before
{Heap before GC invocations=18 (full 4):
 PSYoungGen      total 287744K, used 257536K [0x00000000d5580000, 0x00000000e8c00000, 0x0000000100000000)
  eden space 257536K, 100% used [0x00000000d5580000,0x00000000e5100000,0x00000000e5100000)
  from space 30208K, 0% used [0x00000000e5100000,0x00000000e5100000,0x00000000e6e80000)
  to   space 30208K, 0% used [0x00000000e6e80000,0x00000000e6e80000,0x00000000e8c00000)
 ParOldGen       total 186880K, used 45738K [0x0000000080000000, 0x000000008b680000, 0x00000000d5580000)
  object space 186880K, 24% used [0x0000000080000000,0x0000000082caa878,0x000000008b680000)
 Metaspace       used 88694K, capacity 92424K, committed 93312K, reserved 1130496K
  class space    used 11927K, capacity 12641K, committed 12928K, reserved 1048576K
Event: 6038.138 GC heap after
Heap after GC invocations=18 (full 4):
 PSYoungGen      total 288768K, used 12073K [0x00000000d5580000, 0x00000000ea480000, 0x0000000100000000)
  eden space 258560K, 0% used [0x00000000d5580000,0x00000000d5580000,0x00000000e5200000)
  from space 30208K, 39% used [0x00000000e6e80000,0x00000000e7a4a758,0x00000000e8c00000)
  to   space 29184K, 0% used [0x00000000e5200000,0x00000000e5200000,0x00000000e6e80000)
 ParOldGen       total 186880K, used 45746K [0x0000000080000000, 0x000000008b680000, 0x00000000d5580000)
  object space 186880K, 24% used [0x0000000080000000,0x0000000082cac878,0x000000008b680000)
 Metaspace       used 88694K, capacity 92424K, committed 93312K, reserved 1130496K
  class space    used 11927K, capacity 12641K, committed 12928K, reserved 1048576K
}
Event: 6050.205 GC heap before
{Heap before GC invocations=19 (full 4):
 PSYoungGen      total 288768K, used 270633K [0x00000000d5580000, 0x00000000ea480000, 0x0000000100000000)
  eden space 258560K, 100% used [0x00000000d5580000,0x00000000e5200000,0x00000000e5200000)
  from space 30208K, 39% used [0x00000000e6e80000,0x00000000e7a4a758,0x00000000e8c00000)
  to   space 29184K, 0% used [0x00000000e5200000,0x00000000e5200000,0x00000000e6e80000)
 ParOldGen       total 186880K, used 45746K [0x0000000080000000, 0x000000008b680000, 0x00000000d5580000)
  object space 186880K, 24% used [0x0000000080000000,0x0000000082cac878,0x000000008b680000)
 Metaspace       used 97131K, capacity 101608K, committed 101760K, reserved 1136640K
  class space    used 13031K, capacity 13870K, committed 13952K, reserved 1048576K
Event: 6050.227 GC heap after
Heap after GC invocations=19 (full 4):
 PSYoungGen      total 287744K, used 25846K [0x00000000d5580000, 0x00000000ea600000, 0x0000000100000000)
  eden space 258560K, 0% used [0x00000000d5580000,0x00000000d5580000,0x00000000e5200000)
  from space 29184K, 88% used [0x00000000e5200000,0x00000000e6b3d808,0x00000000e6e80000)
  to   space 31744K, 0% used [0x00000000e8700000,0x00000000e8700000,0x00000000ea600000)
 ParOldGen       total 186880K, used 45754K [0x0000000080000000, 0x000000008b680000, 0x00000000d5580000)
  object space 186880K, 24% used [0x0000000080000000,0x0000000082cae878,0x000000008b680000)
 Metaspace       used 97131K, capacity 101608K, committed 101760K, reserved 1136640K
  class space    used 13031K, capacity 13870K, committed 13952K, reserved 1048576K
}
Event: 6088.818 GC heap before
{Heap before GC invocations=20 (full 4):
 PSYoungGen      total 287744K, used 284406K [0x00000000d5580000, 0x00000000ea600000, 0x0000000100000000)
  eden space 258560K, 100% used [0x00000000d5580000,0x00000000e5200000,0x00000000e5200000)
  from space 29184K, 88% used [0x00000000e5200000,0x00000000e6b3d808,0x00000000e6e80000)
  to   space 31744K, 0% used [0x00000000e8700000,0x00000000e8700000,0x00000000ea600000)
 ParOldGen       total 186880K, used 45754K [0x0000000080000000, 0x000000008b680000, 0x00000000d5580000)
  object space 186880K, 24% used [0x0000000080000000,0x0000000082cae878,0x000000008b680000)
 Metaspace       used 111302K, capacity 117526K, committed 117632K, reserved 1150976K
  class space    used 15119K, capacity 16223K, committed 16256K, reserved 1048576K
Event: 6088.856 GC heap after
Heap after GC invocations=20 (full 4):
 PSYoungGen      total 282112K, used 31723K [0x00000000d5580000, 0x00000000ea600000, 0x0000000100000000)
  eden space 250368K, 0% used [0x00000000d5580000,0x00000000d5580000,0x00000000e4a00000)
  from space 31744K, 99% used [0x00000000e8700000,0x00000000ea5fac00,0x00000000ea600000)
  to   space 41984K, 0% used [0x00000000e5400000,0x00000000e5400000,0x00000000e7d00000)
 ParOldGen       total 186880K, used 61093K [0x0000000080000000, 0x000000008b680000, 0x00000000d5580000)
  object space 186880K, 32% used [0x0000000080000000,0x0000000083ba9498,0x000000008b680000)
 Metaspace       used 111302K, capacity 117526K, committed 117632K, reserved 1150976K
  class space    used 15119K, capacity 16223K, committed 16256K, reserved 1048576K
}
Event: 6090.374 GC heap before
{Heap before GC invocations=21 (full 4):
 PSYoungGen      total 282112K, used 282091K [0x00000000d5580000, 0x00000000ea600000, 0x0000000100000000)
  eden space 250368K, 100% used [0x00000000d5580000,0x00000000e4a00000,0x00000000e4a00000)
  from space 31744K, 99% used [0x00000000e8700000,0x00000000ea5fac00,0x00000000ea600000)
  to   space 41984K, 0% used [0x00000000e5400000,0x00000000e5400000,0x00000000e7d00000)
 ParOldGen       total 186880K, used 61093K [0x0000000080000000, 0x000000008b680000, 0x00000000d5580000)
  object space 186880K, 32% used [0x0000000080000000,0x0000000083ba9498,0x000000008b680000)
 Metaspace       used 113170K, capacity 119882K, committed 120064K, reserved 1153024K
  class space    used 15323K, capacity 16513K, committed 16640K, reserved 1048576K
Event: 6090.460 GC heap after
Heap after GC invocations=21 (full 4):
 PSYoungGen      total 302592K, used 41981K [0x00000000d5580000, 0x00000000f0100000, 0x0000000100000000)
  eden space 260608K, 0% used [0x00000000d5580000,0x00000000d5580000,0x00000000e5400000)
  from space 41984K, 99% used [0x00000000e5400000,0x00000000e7cff4d0,0x00000000e7d00000)
  to   space 71168K, 0% used [0x00000000ebb80000,0x00000000ebb80000,0x00000000f0100000)
 ParOldGen       total 186880K, used 123836K [0x0000000080000000, 0x000000008b680000, 0x00000000d5580000)
  object space 186880K, 66% used [0x0000000080000000,0x00000000878ef2b8,0x000000008b680000)
 Metaspace       used 113170K, capacity 119882K, committed 120064K, reserved 1153024K
  class space    used 15323K, capacity 16513K, committed 16640K, reserved 1048576K
}
Event: 6092.483 GC heap before
{Heap before GC invocations=22 (full 4):
 PSYoungGen      total 302592K, used 302589K [0x00000000d5580000, 0x00000000f0100000, 0x0000000100000000)
  eden space 260608K, 100% used [0x00000000d5580000,0x00000000e5400000,0x00000000e5400000)
  from space 41984K, 99% used [0x00000000e5400000,0x00000000e7cff4d0,0x00000000e7d00000)
  to   space 71168K, 0% used [0x00000000ebb80000,0x00000000ebb80000,0x00000000f0100000)
 ParOldGen       total 186880K, used 123836K [0x0000000080000000, 0x000000008b680000, 0x00000000d5580000)
  object space 186880K, 66% used [0x0000000080000000,0x00000000878ef2b8,0x000000008b680000)
 Metaspace       used 114409K, capacity 121320K, committed 121472K, reserved 1155072K
  class space    used 15490K, capacity 16710K, committed 16768K, reserved 1048576K
Event: 6092.550 GC heap after
Heap after GC invocations=22 (full 4):
 PSYoungGen      total 364544K, used 44522K [0x00000000d5580000, 0x00000000f0580000, 0x0000000100000000)
  eden space 293376K, 0% used [0x00000000d5580000,0x00000000d5580000,0x00000000e7400000)
  from space 71168K, 62% used [0x00000000ebb80000,0x00000000ee6faa88,0x00000000f0100000)
  to   space 73216K, 0% used [0x00000000e7400000,0x00000000e7400000,0x00000000ebb80000)
 ParOldGen       total 186880K, used 129084K [0x0000000080000000, 0x000000008b680000, 0x00000000d5580000)
  object space 186880K, 69% used [0x0000000080000000,0x0000000087e0f0c8,0x000000008b680000)
 Metaspace       used 114409K, capacity 121320K, committed 121472K, reserved 1155072K
  class space    used 15490K, capacity 16710K, committed 16768K, reserved 1048576K
}

