# JRE version: Java(TM) SE Runtime Environment (8.0_131-b11) (build 1.8.0_131-b11)
# Java VM: Java HotSpot(TM) 64-Bit Server VM (25.131-b11 mixed mode windows-amd64 compressed oops)
Heap:
 PSYoungGen      total 103936K, used 46300K [0x000000076ae00000, 0x0000000771f80000, 0x00000007c0000000)
  eden space 93184K, 49% used [0x000000076ae00000,0x000000076db37250,0x0000000770900000)
  from space 10752K, 0% used [0x0000000771380000,0x0000000771380000,0x0000000771e00000)
  to   space 10752K, 0% used [0x0000000770900000,0x0000000770900000,0x0000000771380000)
 ParOldGen       total 117248K, used 19678K [0x00000006c0a00000, 0x00000006c7c80000, 0x000000076ae00000)
  object space 117248K, 16% used [0x00000006c0a00000,0x00000006c1d37840,0x00000006c7c80000)
 Metaspace       used 41061K, capacity 41690K, committed 41984K, reserved 1085440K
  class space    used 5401K, capacity 5575K, committed 5632K, reserved 1048576K
GC Heap History (10 events):
Event: 1.222 GC heap before
{Heap before GC invocations=2 (full 0):
 PSYoungGen      total 76288K, used 29624K [0x000000076ae00000, 0x0000000770300000, 0x00000007c0000000)
  eden space 65536K, 28% used [0x000000076ae00000,0x000000076c072340,0x000000076ee00000)
  from space 10752K, 99% used [0x000000076ee00000,0x000000076f87be80,0x000000076f880000)
  to   space 10752K, 0% used [0x000000076f880000,0x000000076f880000,0x0000000770300000)
 ParOldGen       total 175104K, used 4961K [0x00000006c0a00000, 0x00000006cb500000, 0x000000076ae00000)
  object space 175104K, 2% used [0x00000006c0a00000,0x00000006c0ed8510,0x00000006cb500000)
 Metaspace       used 20761K, capacity 21166K, committed 21296K, reserved 1069056K
  class space    used 2502K, capacity 2653K, committed 2688K, reserved 1048576K
Event: 1.230 GC heap after
Heap after GC invocations=2 (full 0):
 PSYoungGen      total 76288K, used 9717K [0x000000076ae00000, 0x0000000770300000, 0x00000007c0000000)
  eden space 65536K, 0% used [0x000000076ae00000,0x000000076ae00000,0x000000076ee00000)
  from space 10752K, 90% used [0x000000076f880000,0x00000007701fd608,0x0000000770300000)
  to   space 10752K, 0% used [0x000000076ee00000,0x000000076ee00000,0x000000076f880000)
 ParOldGen       total 175104K, used 5033K [0x00000006c0a00000, 0x00000006cb500000, 0x000000076ae00000)
  object space 175104K, 2% used [0x00000006c0a00000,0x00000006c0eea520,0x00000006cb500000)
 Metaspace       used 20761K, capacity 21166K, committed 21296K, reserved 1069056K
  class space    used 2502K, capacity 2653K, committed 2688K, reserved 1048576K
}
Event: 1.230 GC heap before
{Heap before GC invocations=3 (full 1):
 PSYoungGen      total 76288K, used 9717K [0x000000076ae00000, 0x0000000770300000, 0x00000007c0000000)
  eden space 65536K, 0% used [0x000000076ae00000,0x000000076ae00000,0x000000076ee00000)
  from space 10752K, 90% used [0x000000076f880000,0x00000007701fd608,0x0000000770300000)
  to   space 10752K, 0% used [0x000000076ee00000,0x000000076ee00000,0x000000076f880000)
 ParOldGen       total 175104K, used 5033K [0x00000006c0a00000, 0x00000006cb500000, 0x000000076ae00000)
  object space 175104K, 2% used [0x00000006c0a00000,0x00000006c0eea520,0x00000006cb500000)
 Metaspace       used 20761K, capacity 21166K, committed 21296K, reserved 1069056K
  class space    used 2502K, capacity 2653K, committed 2688K, reserved 1048576K
Event: 1.259 GC heap after
Heap after GC invocations=3 (full 1):
 PSYoungGen      total 76288K, used 0K [0x000000076ae00000, 0x0000000770300000, 0x00000007c0000000)
  eden space 65536K, 0% used [0x000000076ae00000,0x000000076ae00000,0x000000076ee00000)
  from space 10752K, 0% used [0x000000076f880000,0x000000076f880000,0x0000000770300000)
  to   space 10752K, 0% used [0x000000076ee00000,0x000000076ee00000,0x000000076f880000)
 ParOldGen       total 117248K, used 9449K [0x00000006c0a00000, 0x00000006c7c80000, 0x000000076ae00000)
  object space 117248K, 8% used [0x00000006c0a00000,0x00000006c133a5f0,0x00000006c7c80000)
 Metaspace       used 20761K, capacity 21166K, committed 21296K, reserved 1069056K
  class space    used 2502K, capacity 2653K, committed 2688K, reserved 1048576K
}
Event: 2.121 GC heap before
{Heap before GC invocations=4 (full 1):
 PSYoungGen      total 76288K, used 65536K [0x000000076ae00000, 0x0000000770300000, 0x00000007c0000000)
  eden space 65536K, 100% used [0x000000076ae00000,0x000000076ee00000,0x000000076ee00000)
  from space 10752K, 0% used [0x000000076f880000,0x000000076f880000,0x0000000770300000)
  to   space 10752K, 0% used [0x000000076ee00000,0x000000076ee00000,0x000000076f880000)
 ParOldGen       total 117248K, used 9449K [0x00000006c0a00000, 0x00000006c7c80000, 0x000000076ae00000)
  object space 117248K, 8% used [0x00000006c0a00000,0x00000006c133a5f0,0x00000006c7c80000)
 Metaspace       used 29588K, capacity 30122K, committed 30208K, reserved 1075200K
  class space    used 3681K, capacity 3830K, committed 3840K, reserved 1048576K
Event: 2.131 GC heap after
Heap after GC invocations=4 (full 1):
 PSYoungGen      total 76288K, used 10750K [0x000000076ae00000, 0x0000000771e00000, 0x00000007c0000000)
  eden space 65536K, 0% used [0x000000076ae00000,0x000000076ae00000,0x000000076ee00000)
  from space 10752K, 99% used [0x000000076ee00000,0x000000076f87f9c8,0x000000076f880000)
  to   space 10752K, 0% used [0x0000000771380000,0x0000000771380000,0x0000000771e00000)
 ParOldGen       total 117248K, used 15023K [0x00000006c0a00000, 0x00000006c7c80000, 0x000000076ae00000)
  object space 117248K, 12% used [0x00000006c0a00000,0x00000006c18abe90,0x00000006c7c80000)
 Metaspace       used 29588K, capacity 30122K, committed 30208K, reserved 1075200K
  class space    used 3681K, capacity 3830K, committed 3840K, reserved 1048576K
}
Event: 2.500 GC heap before
{Heap before GC invocations=5 (full 1):
 PSYoungGen      total 76288K, used 35899K [0x000000076ae00000, 0x0000000771e00000, 0x00000007c0000000)
  eden space 65536K, 38% used [0x000000076ae00000,0x000000076c68f260,0x000000076ee00000)
  from space 10752K, 99% used [0x000000076ee00000,0x000000076f87f9c8,0x000000076f880000)
  to   space 10752K, 0% used [0x0000000771380000,0x0000000771380000,0x0000000771e00000)
 ParOldGen       total 117248K, used 15023K [0x00000006c0a00000, 0x00000006c7c80000, 0x000000076ae00000)
  object space 117248K, 12% used [0x00000006c0a00000,0x00000006c18abe90,0x00000006c7c80000)
 Metaspace       used 34751K, capacity 35246K, committed 35456K, reserved 1079296K
  class space    used 4528K, capacity 4677K, committed 4736K, reserved 1048576K
Event: 2.508 GC heap after
Heap after GC invocations=5 (full 1):
 PSYoungGen      total 103936K, used 10747K [0x000000076ae00000, 0x0000000771f80000, 0x00000007c0000000)
  eden space 93184K, 0% used [0x000000076ae00000,0x000000076ae00000,0x0000000770900000)
  from space 10752K, 99% used [0x0000000771380000,0x0000000771dfecb8,0x0000000771e00000)
  to   space 10752K, 0% used [0x0000000770900000,0x0000000770900000,0x0000000771380000)
 ParOldGen       total 117248K, used 18280K [0x00000006c0a00000, 0x00000006c7c80000, 0x000000076ae00000)
  object space 117248K, 15% used [0x00000006c0a00000,0x00000006c1bda3a0,0x00000006c7c80000)
 Metaspace       used 34751K, capacity 35246K, committed 35456K, reserved 1079296K
  class space    used 4528K, capacity 4677K, committed 4736K, reserved 1048576K
}
Event: 2.508 GC heap before
{Heap before GC invocations=6 (full 2):
 PSYoungGen      total 103936K, used 10747K [0x000000076ae00000, 0x0000000771f80000, 0x00000007c0000000)
  eden space 93184K, 0% used [0x000000076ae00000,0x000000076ae00000,0x0000000770900000)
  from space 10752K, 99% used [0x0000000771380000,0x0000000771dfecb8,0x0000000771e00000)
  to   space 10752K, 0% used [0x0000000770900000,0x0000000770900000,0x0000000771380000)
 ParOldGen       total 117248K, used 18280K [0x00000006c0a00000, 0x00000006c7c80000, 0x000000076ae00000)
  object space 117248K, 15% used [0x00000006c0a00000,0x00000006c1bda3a0,0x00000006c7c80000)
 Metaspace       used 34751K, capacity 35246K, committed 35456K, reserved 1079296K
  class space    used 4528K, capacity 4677K, committed 4736K, reserved 1048576K
Event: 2.551 GC heap after
Heap after GC invocations=6 (full 2):
 PSYoungGen      total 103936K, used 0K [0x000000076ae00000, 0x0000000771f80000, 0x00000007c0000000)
  eden space 93184K, 0% used [0x000000076ae00000,0x000000076ae00000,0x0000000770900000)
  from space 10752K, 0% used [0x0000000771380000,0x0000000771380000,0x0000000771e00000)
  to   space 10752K, 0% used [0x0000000770900000,0x0000000770900000,0x0000000771380000)
 ParOldGen       total 117248K, used 19678K [0x00000006c0a00000, 0x00000006c7c80000, 0x000000076ae00000)
  object space 117248K, 16% used [0x00000006c0a00000,0x00000006c1d37840,0x00000006c7c80000)
 Metaspace       used 34751K, capacity 35246K, committed 35456K, reserved 1079296K
  class space    used 4528K, capacity 4677K, committed 4736K, reserved 1048576K
}

